<?xml version="1.0" encoding="UTF-8"?>
<!-- Generated by org.testng.reporters.JUnitXMLReporter -->
<testsuite ignored="4" hostname="DESKTOP-S4TV131" failures="0" tests="4" name="Test" time="0.113" errors="0" timestamp="2022-06-24T22:27:16 IST">
  <testcase classname="groupingStudy.NewTest1" name="d" time="0.012"/>
  <testcase classname="groupingStudy.NewTest2" name="v" time="0.001"/>
  <testcase classname="groupingStudy.NewTest2" name="w" time="0.003"/>
  <testcase classname="groupingStudy.NewTest2" name="y" time="0.002"/>
  <testcase classname="groupingStudy.NewTest2" name="x" time="0.0">
    <ignored/>
  </testcase> <!-- x -->
  <testcase classname="groupingStudy.NewTest1" name="c" time="0.0">
    <ignored/>
  </testcase> <!-- c -->
  <testcase classname="groupingStudy.NewTest1" name="a" time="0.0">
    <ignored/>
  </testcase> <!-- a -->
  <testcase classname="groupingStudy.NewTest1" name="b" time="0.0">
    <ignored/>
  </testcase> <!-- b -->
</testsuite> <!-- Test -->
