<?xml version="1.0" encoding="UTF-8"?>
<testng-results ignored="0" total="1" passed="1" failed="0" skipped="0">
  <reporter-output>
  </reporter-output>
  <suite started-at="2022-06-30T08:52:20 IST" name="Default suite" finished-at="2022-06-30T08:52:36 IST" duration-ms="16592">
    <groups>
    </groups>
    <test started-at="2022-06-30T08:52:20 IST" name="Default test" finished-at="2022-06-30T08:52:36 IST" duration-ms="16592">
      <class name="crossbrowsertesting.NewTest1">
        <test-method signature="myMethod()[pri:0, instance:crossbrowsertesting.NewTest1@2a54a73f]" started-at="2022-06-30T08:52:20 IST" name="myMethod" finished-at="2022-06-30T08:52:36 IST" duration-ms="16533" status="PASS">
          <reporter-output>
          </reporter-output>
        </test-method> <!-- myMethod -->
      </class> <!-- crossbrowsertesting.NewTest1 -->
    </test> <!-- Default test -->
  </suite> <!-- Default suite -->
</testng-results>
